{"level":"error","message":"Tue Feb 27 2024 22:10:44 GMT+0700 (Indochina Time)-{\"name\":\"Data Not found\",\"statusCode\":500,\"isOperational\":true}","private":true}
{"level":"error","message":"Tue Feb 27 2024 22:10:55 GMT+0700 (Indochina Time)-{\"name\":\"Data Not found\",\"statusCode\":500,\"isOperational\":true}","private":true}
{"level":"error","message":"Mon Mar 04 2024 23:33:07 GMT+0700 (Indochina Time)-{}","private":true}
{"level":"error","message":"Tue Mar 05 2024 09:29:38 GMT+0700 (Indochina Time)-{}","private":true}
{"level":"error","message":"Tue Mar 05 2024 09:29:56 GMT+0700 (Indochina Time)-{}","private":true}
{"level":"error","message":"Tue Mar 05 2024 09:31:49 GMT+0700 (Indochina Time)-{}","private":true}
{"level":"error","message":"Tue Mar 05 2024 09:36:53 GMT+0700 (Indochina Time)-{}","private":true}
{"level":"error","message":"Tue Mar 05 2024 09:41:34 GMT+0700 (Indochina Time)-{}","private":true}
{"level":"error","message":"Tue Mar 05 2024 09:43:32 GMT+0700 (Indochina Time)-{}","private":true}
{"level":"error","message":"Tue Mar 05 2024 09:46:47 GMT+0700 (Indochina Time)-{}","private":true}
{"level":"error","message":"Tue Mar 05 2024 09:56:35 GMT+0700 (Indochina Time)-{}","private":true}
{"level":"error","message":"Tue Mar 05 2024 10:02:55 GMT+0700 (Indochina Time)-{}","private":true}
{"level":"error","message":"Tue Mar 05 2024 10:04:00 GMT+0700 (Indochina Time)-{}","private":true}
{"level":"error","message":"Tue Mar 05 2024 10:05:35 GMT+0700 (Indochina Time)-{}","private":true}
{"level":"error","message":"Tue Mar 05 2024 10:06:43 GMT+0700 (Indochina Time)-{}","private":true}
{"level":"error","message":"Tue Mar 05 2024 10:11:06 GMT+0700 (Indochina Time)-{}","private":true}
{"level":"error","message":"Tue Mar 05 2024 10:12:26 GMT+0700 (Indochina Time)-{}","private":true}
{"level":"error","message":"Tue Mar 05 2024 20:27:50 GMT+0700 (Indochina Time)-{\"name\":\"Data Not found\",\"statusCode\":500,\"isOperational\":true}","private":true}
{"level":"error","message":"Wed Mar 06 2024 22:51:39 GMT+0700 (Indochina Time)-{}","private":true}
{"level":"error","message":"Wed Mar 06 2024 22:55:38 GMT+0700 (Indochina Time)-{}","private":true}
{"level":"error","message":"Wed Mar 06 2024 22:59:19 GMT+0700 (Indochina Time)-{}","private":true}
{"level":"error","message":"Wed Mar 06 2024 23:01:43 GMT+0700 (Indochina Time)-{\"name\":\"Data Not found\",\"statusCode\":500,\"isOperational\":true}","private":true}
